# JRE version: Java(TM) SE Runtime Environment (19.0.2+7) (build 19.0.2+7-44)
# Java VM: Java HotSpot(TM) 64-Bit Server VM (19.0.2+7-44, mixed mode, sharing, tiered, compressed oops, compressed class ptrs, g1 gc, windows-amd64)
GC Precious Log:
 CardTable entry size: 512
 Card Set container configuration: InlinePtr #cards 5 size 8 Array Of Cards #cards 12 size 40 Howl #buckets 4 coarsen threshold 1843 Howl Bitmap #cards 512 size 80 coarsen threshold 460 Card regions per heap region 1 cards per card region 2048
 CPUs: 4 total, 4 available
 Memory: 3930M
 Large Page Support: Disabled
 NUMA Support: Disabled
 Compressed Oops: Enabled (32-bit)
 Heap Region Size: 1M
 Heap Min Capacity: 8M
 Heap Initial Capacity: 8M
 Heap Max Capacity: 984M
 Pre-touch: Disabled
 Parallel Workers: 4
 Concurrent Workers: 1
 Concurrent Refinement Workers: 4
 Periodic GC: Disabled
Heap:
 garbage-first heap   total 23552K, used 10712K [0x00000000c2800000, 0x0000000100000000)
  region size 1024K, 1 young (1024K), 1 survivors (1024K)
 Metaspace       used 10551K, committed 10688K, reserved 1114112K
  class space    used 1118K, committed 1152K, reserved 1048576K
GC Heap History (20 events):
Event: 3.723 GC heap after
{Heap after GC invocations=6 (full 0):
 garbage-first heap   total 10240K, used 3109K [0x00000000c2800000, 0x0000000100000000)
  region size 1024K, 1 young (1024K), 1 survivors (1024K)
 Metaspace       used 8273K, committed 8448K, reserved 1114112K
  class space    used 894K, committed 1024K, reserved 1048576K
}
Event: 4.462 GC heap before
{Heap before GC invocations=6 (full 0):
 garbage-first heap   total 10240K, used 4133K [0x00000000c2800000, 0x0000000100000000)
  region size 1024K, 3 young (3072K), 1 survivors (1024K)
 Metaspace       used 8803K, committed 8960K, reserved 1114112K
  class space    used 958K, committed 1024K, reserved 1048576K
}
Event: 4.466 GC heap after
{Heap after GC invocations=7 (full 0):
 garbage-first heap   total 10240K, used 4130K [0x00000000c2800000, 0x0000000100000000)
  region size 1024K, 1 young (1024K), 1 survivors (1024K)
 Metaspace       used 8803K, committed 8960K, reserved 1114112K
  class space    used 958K, committed 1024K, reserved 1048576K
}
Event: 4.619 GC heap before
{Heap before GC invocations=7 (full 0):
 garbage-first heap   total 10240K, used 5154K [0x00000000c2800000, 0x0000000100000000)
  region size 1024K, 2 young (2048K), 1 survivors (1024K)
 Metaspace       used 8945K, committed 9088K, reserved 1114112K
  class space    used 975K, committed 1024K, reserved 1048576K
}
Event: 4.622 GC heap after
{Heap after GC invocations=8 (full 0):
 garbage-first heap   total 10240K, used 4340K [0x00000000c2800000, 0x0000000100000000)
  region size 1024K, 1 young (1024K), 1 survivors (1024K)
 Metaspace       used 8945K, committed 9088K, reserved 1114112K
  class space    used 975K, committed 1024K, reserved 1048576K
}
Event: 4.659 GC heap before
{Heap before GC invocations=8 (full 0):
 garbage-first heap   total 10240K, used 5364K [0x00000000c2800000, 0x0000000100000000)
  region size 1024K, 2 young (2048K), 1 survivors (1024K)
 Metaspace       used 8975K, committed 9088K, reserved 1114112K
  class space    used 979K, committed 1024K, reserved 1048576K
}
Event: 4.672 GC heap after
{Heap after GC invocations=9 (full 0):
 garbage-first heap   total 10240K, used 4482K [0x00000000c2800000, 0x0000000100000000)
  region size 1024K, 1 young (1024K), 1 survivors (1024K)
 Metaspace       used 8975K, committed 9088K, reserved 1114112K
  class space    used 979K, committed 1024K, reserved 1048576K
}
Event: 4.687 GC heap before
{Heap before GC invocations=9 (full 0):
 garbage-first heap   total 10240K, used 5506K [0x00000000c2800000, 0x0000000100000000)
  region size 1024K, 2 young (2048K), 1 survivors (1024K)
 Metaspace       used 8987K, committed 9088K, reserved 1114112K
  class space    used 979K, committed 1024K, reserved 1048576K
}
Event: 4.688 GC heap after
{Heap after GC invocations=10 (full 0):
 garbage-first heap   total 10240K, used 4545K [0x00000000c2800000, 0x0000000100000000)
  region size 1024K, 1 young (1024K), 1 survivors (1024K)
 Metaspace       used 8987K, committed 9088K, reserved 1114112K
  class space    used 979K, committed 1024K, reserved 1048576K
}
Event: 4.800 GC heap before
{Heap before GC invocations=11 (full 0):
 garbage-first heap   total 12288K, used 5569K [0x00000000c2800000, 0x0000000100000000)
  region size 1024K, 2 young (2048K), 1 survivors (1024K)
 Metaspace       used 9043K, committed 9280K, reserved 1114112K
  class space    used 987K, committed 1088K, reserved 1048576K
}
Event: 4.802 GC heap after
{Heap after GC invocations=12 (full 0):
 garbage-first heap   total 12288K, used 4644K [0x00000000c2800000, 0x0000000100000000)
  region size 1024K, 1 young (1024K), 1 survivors (1024K)
 Metaspace       used 9043K, committed 9280K, reserved 1114112K
  class space    used 987K, committed 1088K, reserved 1048576K
}
Event: 4.848 GC heap before
{Heap before GC invocations=12 (full 0):
 garbage-first heap   total 12288K, used 5668K [0x00000000c2800000, 0x0000000100000000)
  region size 1024K, 2 young (2048K), 1 survivors (1024K)
 Metaspace       used 9061K, committed 9280K, reserved 1114112K
  class space    used 987K, committed 1088K, reserved 1048576K
}
Event: 4.858 GC heap after
{Heap after GC invocations=13 (full 0):
 garbage-first heap   total 23552K, used 4713K [0x00000000c2800000, 0x0000000100000000)
  region size 1024K, 1 young (1024K), 1 survivors (1024K)
 Metaspace       used 9061K, committed 9280K, reserved 1114112K
  class space    used 987K, committed 1088K, reserved 1048576K
}
Event: 5.054 GC heap before
{Heap before GC invocations=13 (full 0):
 garbage-first heap   total 23552K, used 12905K [0x00000000c2800000, 0x0000000100000000)
  region size 1024K, 9 young (9216K), 1 survivors (1024K)
 Metaspace       used 9208K, committed 9344K, reserved 1114112K
  class space    used 1007K, committed 1088K, reserved 1048576K
}
Event: 5.063 GC heap after
{Heap after GC invocations=14 (full 0):
 garbage-first heap   total 23552K, used 5706K [0x00000000c2800000, 0x0000000100000000)
  region size 1024K, 2 young (2048K), 2 survivors (2048K)
 Metaspace       used 9208K, committed 9344K, reserved 1114112K
  class space    used 1007K, committed 1088K, reserved 1048576K
}
Event: 5.483 GC heap before
{Heap before GC invocations=14 (full 0):
 garbage-first heap   total 23552K, used 12874K [0x00000000c2800000, 0x0000000100000000)
  region size 1024K, 10 young (10240K), 2 survivors (2048K)
 Metaspace       used 9302K, committed 9472K, reserved 1114112K
  class space    used 1012K, committed 1088K, reserved 1048576K
}
Event: 5.491 GC heap after
{Heap after GC invocations=15 (full 0):
 garbage-first heap   total 23552K, used 7502K [0x00000000c2800000, 0x0000000100000000)
  region size 1024K, 2 young (2048K), 2 survivors (2048K)
 Metaspace       used 9302K, committed 9472K, reserved 1114112K
  class space    used 1012K, committed 1088K, reserved 1048576K
}
Event: 6.292 GC heap before
{Heap before GC invocations=15 (full 0):
 garbage-first heap   total 23552K, used 14670K [0x00000000c2800000, 0x0000000100000000)
  region size 1024K, 9 young (9216K), 2 survivors (2048K)
 Metaspace       used 9681K, committed 9856K, reserved 1114112K
  class space    used 1046K, committed 1088K, reserved 1048576K
}
Event: 6.315 GC heap after
{Heap after GC invocations=16 (full 0):
 garbage-first heap   total 23552K, used 8701K [0x00000000c2800000, 0x0000000100000000)
  region size 1024K, 2 young (2048K), 2 survivors (2048K)
 Metaspace       used 9681K, committed 9856K, reserved 1114112K
  class space    used 1046K, committed 1088K, reserved 1048576K
}
Event: 7.793 GC heap before
{Heap before GC invocations=16 (full 0):
 garbage-first heap   total 23552K, used 15869K [0x00000000c2800000, 0x0000000100000000)
  region size 1024K, 8 young (8192K), 2 survivors (2048K)
 Metaspace       used 10551K, committed 10688K, reserved 1114112K
  class space    used 1118K, committed 1152K, reserved 1048576K
}

